[DES Runner | SUCCESS | 28.05.2022 12:59:37] Setup
[DES Runner | WARN | 28.05.2022 12:59:37] Seems you are stupid...
[DES Runner | NOTICE | 28.05.2022 12:59:37] da
[DES Runner | SUCCESS | 28.05.2022 12:59:44] Setup
[DES Runner | WARN | 28.05.2022 12:59:44] Seems you are stupid...
[DES Runner | NOTICE | 28.05.2022 12:59:44] da
[DES Runner | SUCCESS | 28.05.2022 13:21:51] CEnd Setup
[DES Runner | SUCCESS | 28.05.2022 13:22:55] CEnd Setup
[DES Runner | SUCCESS | 28.05.2022 13:24:27] CEnd Setup
[DES Runner | SUCCESS | 28.05.2022 13:29:15] CEnd Setup
[DES Runner | SUCCESS | 28.05.2022 13:30:17] CEnd Setup
[DES Runner | SUCCESS | 28.05.2022 13:30:29] CEnd Setup
[DES Runner | SUCCESS | 28.05.2022 13:30:34] CEnd Setup
[DES Runner | SUCCESS | 28.05.2022 13:31:21] CEnd Setup
[DES Runner | SUCCESS | 28.05.2022 13:33:42] CEnd Setup
[DES Runner | SUCCESS | 28.05.2022 13:34:33] CEnd Setup
[DES Runner | SUCCESS | 28.05.2022 13:34:55] CEnd Setup
[DES Runner | SUCCESS | 28.05.2022 13:35:00] CEnd Setup
[DES Runner | SUCCESS | 28.05.2022 13:35:12] CEnd Setup
[DES Runner | SUCCESS | 28.05.2022 17:51:59] CEnd Setup
[DES Runner | SUCCESS | 28.05.2022 17:52:29] CEnd Setup
[DES Runner | SUCCESS | 28.05.2022 17:52:43] CEnd Setup
[DES Runner | SUCCESS | 28.05.2022 17:53:08] CEnd Setup
[DES Runner | SUCCESS | 28.05.2022 17:54:22] CEnd Setup
[DES Runner | SUCCESS | 28.05.2022 17:54:57] CEnd Setup
[DES Runner | SUCCESS | 28.05.2022 17:56:13] CEnd Setup
[DES Runner | SUCCESS | 28.05.2022 18:21:11] CEnd Setup
[DES Runner | INFO | 28.05.2022 18:21:11] Thread DESCendd8cdf85b-9283-469d-a034-280c5c05ace0 started
[DES Runner | SUCCESS | 28.05.2022 18:22:15] CEnd Setup
[DES Runner | INFO | 28.05.2022 18:22:15] Thread DESCend46cd15a9-79ab-4a6c-9113-476fe528d37d started
[DES Runner | SUCCESS | 28.05.2022 18:22:23] CEnd Setup
[DES Runner | INFO | 28.05.2022 18:22:23] Thread DESCend-56e6268b-ac63-401b-a0b9-1fe329ff1a63 started
[DES Runner | SUCCESS | 28.05.2022 18:22:47] CEnd Setup
[DES Runner | INFO | 28.05.2022 18:22:47] Thread DESCend-62945cd1-537a-41b1-9cf3-9f327ba59800 started
[DES Runner | 28.05.2022 18:23:32 | SUCCESS] CEnd Setup
[DES Runner | 28.05.2022 18:23:32 | INFO] Thread DESCend-78e88a30-3500-41ba-b937-3882160869f9 started
